#
# There is insufficient memory for the Java Runtime Environment to continue.
# Native memory allocation (mmap) failed to map 134217728 bytes for G1 virtual space
# Possible reasons:
#   The system is out of physical RAM or swap space
#   The process is running with CompressedOops enabled, and the Java Heap may be blocking the growth of the native heap
# Possible solutions:
#   Reduce memory load on the system
#   Increase physical memory or swap space
#   Check if swap backing store is full
#   Decrease Java heap size (-Xmx/-Xms)
#   Decrease number of Java threads
#   Decrease Java thread stack sizes (-Xss)
#   Set larger code cache with -XX:ReservedCodeCacheSize=
#   JVM is running with Unscaled Compressed Oops mode in which the Java heap is
#     placed in the first 4GB address space. The Java Heap base address is the
#     maximum limit for the native heap growth. Please use -XX:HeapBaseMinAddress
#     to set the Java Heap base and to place the Java Heap above 4GB virtual address.
# This output file may be truncated or incomplete.
#
#  Out of Memory Error (os_windows.cpp:3550), pid=43216, tid=43244
#
# JRE version:  (17.0.8+9) (build )
# Java VM: Java HotSpot(TM) 64-Bit Server VM (17.0.8+9-LTS-211, mixed mode, sharing, tiered, compressed oops, compressed class ptrs, g1 gc, windows-amd64)
# No core dump will be written. Minidumps are not enabled by default on client versions of Windows
#

---------------  S U M M A R Y ------------

Command Line: C:\Users\Lenovo\AppData\Local\Temp\surefire12329009882359293503\surefirebooter-20231031032245550_3.jar C:\Users\Lenovo\AppData\Local\Temp\surefire12329009882359293503 2023-10-31T03-22-45_123-jvmRun1 surefire-20231031032245550_1tmp surefire_0-20231031032245550_2tmp

Host: Intel(R) Core(TM) i5-4200U CPU @ 1.60GHz, 4 cores, 7G,  Windows 10 , 64 bit Build 19041 (10.0.19041.3570)
Time: Tue Oct 31 03:22:46 2023 Hora est. Pacífico, Sudamérica elapsed time: 0.034257 seconds (0d 0h 0m 0s)

---------------  T H R E A D  ---------------

Current thread (0x000001587ddcdbe0):  JavaThread "Unknown thread" [_thread_in_vm, id=43244, stack(0x0000000695400000,0x0000000695500000)]

Stack: [0x0000000695400000,0x0000000695500000]
Native frames: (J=compiled Java code, j=interpreted, Vv=VM code, C=native code)
V  [jvm.dll+0x677d0a]
V  [jvm.dll+0x7d8c54]
V  [jvm.dll+0x7da3fe]
V  [jvm.dll+0x7daa63]
V  [jvm.dll+0x245c5f]
V  [jvm.dll+0x674bb9]
V  [jvm.dll+0x6694f2]
V  [jvm.dll+0x3031d6]
V  [jvm.dll+0x30a756]
V  [jvm.dll+0x359f9e]
V  [jvm.dll+0x35a1cf]
V  [jvm.dll+0x2da3e8]
V  [jvm.dll+0x2db354]
V  [jvm.dll+0x7aa711]
V  [jvm.dll+0x367b51]
V  [jvm.dll+0x789979]
V  [jvm.dll+0x3eb05f]
V  [jvm.dll+0x3ecae1]
C  [jli.dll+0x5297]
C  [ucrtbase.dll+0x21bb2]
C  [KERNEL32.DLL+0x17344]
C  [ntdll.dll+0x526b1]


---------------  P R O C E S S  ---------------

Threads class SMR info:
_java_thread_list=0x00007ffec96359d8, length=0, elements={
}

Java Threads: ( => current thread )

Other Threads:
  0x000001587de2bdc0 GCTaskThread "GC Thread#0" [stack: 0x0000000695500000,0x0000000695600000] [id=43248]
  0x000001587de3c8d0 ConcurrentGCThread "G1 Main Marker" [stack: 0x0000000695600000,0x0000000695700000] [id=43252]
  0x000001587de3de00 ConcurrentGCThread "G1 Conc#0" [stack: 0x0000000695700000,0x0000000695800000] [id=43256]

[error occurred during error reporting (printing all threads), id 0xc0000005, EXCEPTION_ACCESS_VIOLATION (0xc0000005) at pc=0x00007ffec8e6b047]

VM state: not at safepoint (not fully initialized)

VM Mutex/Monitor currently owned by a thread:  ([mutex/lock_event])
[0x000001587ddc92a0] Heap_lock - owner thread: 0x000001587ddcdbe0

Heap address: 0x0000000081a00000, size: 2022 MB, Compressed Oops mode: 32-bit

CDS archive(s) mapped at: [0x0000000000000000-0x0000000000000000-0x0000000000000000), size 0, SharedBaseAddress: 0x0000000800000000, ArchiveRelocationMode: 1.
Narrow klass base: 0x0000000000000000, Narrow klass shift: 0, Narrow klass range: 0x0

GC Precious Log:
<Empty>

Heap:
 garbage-first heap   total 0K, used 0K [0x0000000081a00000, 0x0000000100000000)
  region size 1024K, 0 young (0K), 0 survivors (0K)

[error occurred during error reporting (printing heap information), id 0xc0000005, EXCEPTION_ACCESS_VIOLATION (0xc0000005) at pc=0x00007ffec9251499]

GC Heap History (0 events):
No events

Deoptimization events (0 events):
No events

Classes unloaded (0 events):
No events

Classes redefined (0 events):
No events

Internal exceptions (0 events):
No events

VM Operations (0 events):
No events

Events (1 events):
Event: 0.018 Loaded shared library C:\Program Files\Java\jdk-17\bin\java.dll


Dynamic libraries:
0x00007ff6bb130000 - 0x00007ff6bb140000 	C:\Program Files\Java\jdk-17\bin\java.exe
0x00007fff10e90000 - 0x00007fff11087000 	C:\Windows\SYSTEM32\ntdll.dll
0x00007fff10330000 - 0x00007fff103ed000 	C:\Windows\System32\KERNEL32.DLL
0x00007fff0e5e0000 - 0x00007fff0e8d6000 	C:\Windows\System32\KERNELBASE.dll
0x00007fff0eda0000 - 0x00007fff0eea0000 	C:\Windows\System32\ucrtbase.dll
0x00007fff075f0000 - 0x00007fff0760b000 	C:\Program Files\Java\jdk-17\bin\VCRUNTIME140.dll
0x00007fff075d0000 - 0x00007fff075e9000 	C:\Program Files\Java\jdk-17\bin\jli.dll
0x00007fff10650000 - 0x00007fff106fe000 	C:\Windows\System32\ADVAPI32.dll
0x00007fff0f8e0000 - 0x00007fff0f97e000 	C:\Windows\System32\msvcrt.dll
0x00007fff0eef0000 - 0x00007fff0ef8c000 	C:\Windows\System32\sechost.dll
0x00007fff0f4f0000 - 0x00007fff0f616000 	C:\Windows\System32\RPCRT4.dll
0x00007fff0f620000 - 0x00007fff0f7be000 	C:\Windows\System32\USER32.dll
0x00007fff0e8e0000 - 0x00007fff0e902000 	C:\Windows\System32\win32u.dll
0x00007fff0f4c0000 - 0x00007fff0f4ec000 	C:\Windows\System32\GDI32.dll
0x00007fff0e9d0000 - 0x00007fff0eaea000 	C:\Windows\System32\gdi32full.dll
0x00007fff0ed00000 - 0x00007fff0ed9d000 	C:\Windows\System32\msvcp_win.dll
0x00007ffeff530000 - 0x00007ffeff7ca000 	C:\Windows\WinSxS\amd64_microsoft.windows.common-controls_6595b64144ccf1df_6.0.19041.3570_none_60bb2a3971f3e41a\COMCTL32.dll
0x00007fff0e0e0000 - 0x00007fff0e0ea000 	C:\Windows\SYSTEM32\VERSION.dll
0x00007fff103f0000 - 0x00007fff10420000 	C:\Windows\System32\IMM32.DLL
0x0000000056a10000 - 0x0000000056a1c000 	C:\Program Files (x86)\360\Total Security\safemon\SafeWrapper.dll
0x00007ffed8b20000 - 0x00007ffed8bb2000 	C:\Program Files (x86)\360\Total Security\safemon\libzdtp64.dll
0x00007fff0fab0000 - 0x00007fff101f4000 	C:\Windows\System32\SHELL32.dll
0x00007fff10710000 - 0x00007fff10765000 	C:\Windows\System32\SHLWAPI.dll
0x00007fff00520000 - 0x00007fff0052c000 	C:\Program Files\Java\jdk-17\bin\vcruntime140_1.dll
0x00007ffeeaa30000 - 0x00007ffeeaabe000 	C:\Program Files\Java\jdk-17\bin\msvcp140.dll
0x00007ffec8b80000 - 0x00007ffec975e000 	C:\Program Files\Java\jdk-17\bin\server\jvm.dll
0x00007fff10420000 - 0x00007fff10428000 	C:\Windows\System32\PSAPI.DLL
0x00007fff075a0000 - 0x00007fff075a9000 	C:\Windows\SYSTEM32\WSOCK32.dll
0x00007fff0f7c0000 - 0x00007fff0f82b000 	C:\Windows\System32\WS2_32.dll
0x00007fff04c60000 - 0x00007fff04c87000 	C:\Windows\SYSTEM32\WINMM.dll
0x00007fff0c3a0000 - 0x00007fff0c3b2000 	C:\Windows\SYSTEM32\kernel.appcore.dll
0x00007ffefe860000 - 0x00007ffefe86a000 	C:\Program Files\Java\jdk-17\bin\jimage.dll
0x00007ffefbf70000 - 0x00007ffefc154000 	C:\Windows\SYSTEM32\DBGHELP.DLL
0x00007ffefb820000 - 0x00007ffefb854000 	C:\Windows\SYSTEM32\dbgcore.DLL
0x00007fff0e940000 - 0x00007fff0e9c2000 	C:\Windows\System32\bcryptPrimitives.dll
0x00007ffeeb990000 - 0x00007ffeeb9b5000 	C:\Program Files\Java\jdk-17\bin\java.dll

dbghelp: loaded successfully - version: 4.0.5 - missing functions: none
symbol engine: initialized successfully - sym options: 0x614 - pdb path: .;C:\Program Files\Java\jdk-17\bin;C:\Windows\SYSTEM32;C:\Windows\WinSxS\amd64_microsoft.windows.common-controls_6595b64144ccf1df_6.0.19041.3570_none_60bb2a3971f3e41a;C:\Program Files (x86)\360\Total Security\safemon;C:\Program Files\Java\jdk-17\bin\server

VM Arguments:
java_command: C:\Users\Lenovo\AppData\Local\Temp\surefire12329009882359293503\surefirebooter-20231031032245550_3.jar C:\Users\Lenovo\AppData\Local\Temp\surefire12329009882359293503 2023-10-31T03-22-45_123-jvmRun1 surefire-20231031032245550_1tmp surefire_0-20231031032245550_2tmp
java_class_path (initial): C:\Users\Lenovo\AppData\Local\Temp\surefire12329009882359293503\surefirebooter-20231031032245550_3.jar
Launcher Type: SUN_STANDARD

[Global flags]
     intx CICompilerCount                          = 3                                         {product} {ergonomic}
     uint ConcGCThreads                            = 1                                         {product} {ergonomic}
     uint G1ConcRefinementThreads                  = 4                                         {product} {ergonomic}
   size_t G1HeapRegionSize                         = 1048576                                   {product} {ergonomic}
    uintx GCDrainStackTargetSize                   = 64                                        {product} {ergonomic}
   size_t InitialHeapSize                          = 134217728                                 {product} {ergonomic}
   size_t MarkStackSize                            = 4194304                                   {product} {ergonomic}
   size_t MaxHeapSize                              = 2120220672                                {product} {ergonomic}
   size_t MinHeapDeltaBytes                        = 1048576                                   {product} {ergonomic}
   size_t MinHeapSize                              = 8388608                                   {product} {ergonomic}
    uintx NonNMethodCodeHeapSize                   = 5832780                                {pd product} {ergonomic}
    uintx NonProfiledCodeHeapSize                  = 122912730                              {pd product} {ergonomic}
    uintx ProfiledCodeHeapSize                     = 122912730                              {pd product} {ergonomic}
    uintx ReservedCodeCacheSize                    = 251658240                              {pd product} {ergonomic}
     bool SegmentedCodeCache                       = true                                      {product} {ergonomic}
   size_t SoftMaxHeapSize                          = 2120220672                             {manageable} {ergonomic}
     bool UseCompressedClassPointers               = true                           {product lp64_product} {ergonomic}
     bool UseCompressedOops                        = true                           {product lp64_product} {ergonomic}
     bool UseG1GC                                  = true                                      {product} {ergonomic}
     bool UseLargePagesIndividualAllocation        = false                                  {pd product} {ergonomic}

Logging:
Log output configuration:
 #0: stdout all=warning uptime,level,tags
 #1: stderr all=off uptime,level,tags

Environment Variables:
PATH=C:\Program Files\Common Files\Oracle\Java\javapath;C:\Windows\system32;C:\Windows;C:\Windows\System32\Wbem;C:\Windows\System32\WindowsPowerShell\v1.0\;C:\Windows\System32\OpenSSH\;C:\Program Files\Git\cmd;C:\Program Files\nodejs\;%MAVE_HOME%\bin;C:\Program Files\dotnet\;C:\Users\Lenovo\AppData\Local\Programs\Python\Python311\Scripts\;C:\Users\Lenovo\AppData\Local\Programs\Python\Python311\;C:\Users\Lenovo\AppData\Local\Microsoft\WindowsApps;C:\Users\Lenovo\AppData\Local\Programs\Microsoft VS Code\bin;C:\Users\Lenovo\AppData\Local\Programs\Python\Python311\Scripts;C:\Users\Lenovo\AppData\Roaming\npm;C:\Program Files\Maven\apache-maven-3.9.4\bin;C:\Users\Lenovo\.dotnet\tools
USERNAME=Lenovo
LANG=en_US.UTF-8
OS=Windows_NT
PROCESSOR_IDENTIFIER=Intel64 Family 6 Model 69 Stepping 1, GenuineIntel



---------------  S Y S T E M  ---------------

OS:
 Windows 10 , 64 bit Build 19041 (10.0.19041.3570)
OS uptime: 18 days 5:07 hours

CPU: total 4 (initial active 4) (2 cores per cpu, 2 threads per core) family 6 model 69 stepping 1 microcode 0x25, cx8, cmov, fxsr, ht, mmx, sse, sse2, sse3, ssse3, sse4.1, sse4.2, popcnt, lzcnt, tsc, tscinvbit, avx, avx2, aes, erms, clmul, bmi1, bmi2, fma, vzeroupper, clflush

Memory: 4k page, system-wide physical 8084M (306M free)
TotalPageFile size 10148M (AvailPageFile size 99M)
current process WorkingSet (physical memory assigned to process): 11M, peak: 11M
current process commit charge ("private bytes"): 52M, peak: 180M

vm_info: Java HotSpot(TM) 64-Bit Server VM (17.0.8+9-LTS-211) for windows-amd64 JRE (17.0.8+9-LTS-211), built on Jun 14 2023 10:34:31 by "mach5one" with MS VC++ 17.1 (VS2022)

END.
